INFO 2025-02-02 04:28:35,259 Auth info was exported to ./.tmp/auth_info.json api/debug/debug.cpp:17 sevuganfamily@unknown-host
INFO 2025-02-02 04:30:07,305 Reloading the application... api/debug/debug.cpp:17 sevuganfamily@unknown-host
INFO 2025-02-02 04:30:25,477 Auth info was exported to ./.tmp/auth_info.json api/debug/debug.cpp:17 sevuganfamily@unknown-host
INFO 2025-02-02 04:31:23,167 Auth info was exported to ./.tmp/auth_info.json api/debug/debug.cpp:17 sevuganfamily@unknown-host
INFO 2025-02-02 04:33:00,403 Auth info was exported to ./.tmp/auth_info.json api/debug/debug.cpp:17 sevuganfamily@unknown-host
INFO 2025-02-02 04:33:20,146 Reloading the application... api/debug/debug.cpp:17 sevuganfamily@unknown-host
ERROR 2025-02-02 04:33:20,204 NE_RS_UNBLDRE: Unable to load application resource file /resources/lib/dash.js api/debug/debug.cpp:20 sevuganfamily@unknown-host
ERROR 2025-02-02 04:33:20,207 NE_RS_UNBLDRE: Unable to load application resource file /resources/lib/hls.js api/debug/debug.cpp:20 sevuganfamily@unknown-host
ERROR 2025-02-02 04:33:20,752 NE_RS_UNBLDRE: Unable to load application resource file /resources/fonts/inter.ttf api/debug/debug.cpp:20 sevuganfamily@unknown-host
INFO 2025-02-02 04:33:25,555 Auth info was exported to ./.tmp/auth_info.json api/debug/debug.cpp:17 sevuganfamily@unknown-host
ERROR 2025-02-02 04:33:26,610 NE_RS_UNBLDRE: Unable to load application resource file /resources/lib/dash.js api/debug/debug.cpp:20 sevuganfamily@unknown-host
ERROR 2025-02-02 04:33:26,611 NE_RS_UNBLDRE: Unable to load application resource file /resources/lib/hls.js api/debug/debug.cpp:20 sevuganfamily@unknown-host
ERROR 2025-02-02 04:33:26,676 NE_RS_UNBLDRE: Unable to load application resource file /resources/fonts/inter.ttf api/debug/debug.cpp:20 sevuganfamily@unknown-host
INFO 2025-02-02 04:39:49,855 Auth info was exported to ./.tmp/auth_info.json api/debug/debug.cpp:17 sevuganfamily@unknown-host
ERROR 2025-02-02 04:39:50,877 NE_RS_UNBLDRE: Unable to load application resource file /resources/lib/dash.js api/debug/debug.cpp:20 sevuganfamily@unknown-host
ERROR 2025-02-02 04:39:50,878 NE_RS_UNBLDRE: Unable to load application resource file /resources/lib/hls.js api/debug/debug.cpp:20 sevuganfamily@unknown-host
ERROR 2025-02-02 04:39:50,937 NE_RS_UNBLDRE: Unable to load application resource file /resources/fonts/inter.ttf api/debug/debug.cpp:20 sevuganfamily@unknown-host
INFO 2025-02-02 04:40:59,335 Auth info was exported to ./.tmp/auth_info.json api/debug/debug.cpp:17 sevuganfamily@unknown-host
INFO 2025-02-02 04:42:21,305 Auth info was exported to ./.tmp/auth_info.json api/debug/debug.cpp:17 sevuganfamily@unknown-host
ERROR 2025-02-02 04:47:03,173 NE_RS_UNBLDRE: Unable to load application resource file /resources/lib/dash.all.min.js.map api/debug/debug.cpp:20 sevuganfamily@unknown-host
ERROR 2025-02-02 04:47:03,174 NE_RS_UNBLDRE: Unable to load application resource file /resources/lib/hls.min.js.map api/debug/debug.cpp:20 sevuganfamily@unknown-host
INFO 2025-02-02 06:38:06,459 Auth info was exported to ./.tmp/auth_info.json api/debug/debug.cpp:17 sevuganfamily@unknown-host
INFO 2025-02-02 06:45:56,054 Auth info was exported to ./.tmp/auth_info.json api/debug/debug.cpp:17 sevuganfamily@unknown-host
INFO 2025-02-02 06:56:23,357 Auth info was exported to ./.tmp/auth_info.json api/debug/debug.cpp:17 sevuganfamily@unknown-host
INFO 2025-02-02 07:04:32,553 Auth info was exported to ./.tmp/auth_info.json api/debug/debug.cpp:17 sevuganfamily@unknown-host
INFO 2025-02-02 07:06:05,107 Auth info was exported to ./.tmp/auth_info.json api/debug/debug.cpp:17 sevuganfamily@unknown-host
